c:\users\leon\documents\visual studio 2015\projects\softwarerenderer\softwarerenderer\x64\release\vc140.pdb
c:\users\leon\documents\visual studio 2015\projects\softwarerenderer\softwarerenderer\x64\release\workerthread.obj
c:\users\leon\documents\visual studio 2015\projects\softwarerenderer\softwarerenderer\x64\release\vertex.obj
c:\users\leon\documents\visual studio 2015\projects\softwarerenderer\softwarerenderer\x64\release\vector.obj
c:\users\leon\documents\visual studio 2015\projects\softwarerenderer\softwarerenderer\x64\release\utility.obj
c:\users\leon\documents\visual studio 2015\projects\softwarerenderer\softwarerenderer\x64\release\scene.obj
c:\users\leon\documents\visual studio 2015\projects\softwarerenderer\softwarerenderer\x64\release\rendercontext.obj
c:\users\leon\documents\visual studio 2015\projects\softwarerenderer\softwarerenderer\x64\release\mesh.obj
c:\users\leon\documents\visual studio 2015\projects\softwarerenderer\softwarerenderer\x64\release\matrix.obj
c:\users\leon\documents\visual studio 2015\projects\softwarerenderer\softwarerenderer\x64\release\main.obj
c:\users\leon\documents\visual studio 2015\projects\softwarerenderer\softwarerenderer\x64\release\light.obj
c:\users\leon\documents\visual studio 2015\projects\softwarerenderer\softwarerenderer\x64\release\edge.obj
c:\users\leon\documents\visual studio 2015\projects\softwarerenderer\softwarerenderer\x64\release\display.obj
c:\users\leon\documents\visual studio 2015\projects\softwarerenderer\softwarerenderer\x64\release\color.obj
c:\users\leon\documents\visual studio 2015\projects\softwarerenderer\softwarerenderer\x64\release\camera.obj
c:\users\leon\documents\visual studio 2015\projects\softwarerenderer\x64\release\softwarerenderer.exe
c:\users\leon\documents\visual studio 2015\projects\softwarerenderer\x64\release\softwarerenderer.ipdb
c:\users\leon\documents\visual studio 2015\projects\softwarerenderer\x64\release\softwarerenderer.iobj
c:\users\leon\documents\visual studio 2015\projects\softwarerenderer\x64\release\softwarerenderer.pdb
c:\users\leon\documents\visual studio 2015\projects\softwarerenderer\softwarerenderer\x64\release\softwarerenderer.tlog\cl.command.1.tlog
c:\users\leon\documents\visual studio 2015\projects\softwarerenderer\softwarerenderer\x64\release\softwarerenderer.tlog\cl.read.1.tlog
c:\users\leon\documents\visual studio 2015\projects\softwarerenderer\softwarerenderer\x64\release\softwarerenderer.tlog\cl.write.1.tlog
c:\users\leon\documents\visual studio 2015\projects\softwarerenderer\softwarerenderer\x64\release\softwarerenderer.tlog\link.command.1.tlog
c:\users\leon\documents\visual studio 2015\projects\softwarerenderer\softwarerenderer\x64\release\softwarerenderer.tlog\link.read.1.tlog
c:\users\leon\documents\visual studio 2015\projects\softwarerenderer\softwarerenderer\x64\release\softwarerenderer.tlog\link.write.1.tlog
